<?xml version="1.0" encoding="UTF-8"?>
<testsuite name="com.pratap.integration.AppTest" tests="1" skipped="0" failures="0" errors="0" timestamp="2020-09-16T11:01:52" hostname="JAVA-MACHINE" time="0.003">
  <properties/>
  <testcase name="testAppHasAGreeting" classname="com.pratap.integration.AppTest" time="0.003"/>
  <system-out><![CDATA[]]></system-out>
  <system-err><![CDATA[]]></system-err>
</testsuite>
